[2025-07-07 07:32:41 UTC] vcs -full64 -licqueue '-timescale=1ns/1ns' '+vcs+flush+all' '+warn=all' '-sverilog' design.sv testbench.sv  && ./simv +vcs+lic+wait  
                         Chronologic VCS (TM)
       Version U-2023.03-SP2_Full64 -- Mon Jul  7 03:32:42 2025

                    Copyright (c) 1991 - 2023 Synopsys, Inc.
   This software and the associated documentation are proprietary to Synopsys,
 Inc. This software may only be used in accordance with the terms and conditions
 of a written license agreement with Synopsys, Inc. All other use, reproduction,
   or distribution of this software is strictly prohibited.  Licensed Products
     communicate with Synopsys servers for the purpose of providing software
    updates, detecting software piracy and verifying that customers are using
    Licensed Products in conformity with the applicable License Key for such
  Licensed Products. Synopsys will use information gathered in connection with
    this process to deliver software updates and pursue software pirates and
                                   infringers.

 Inclusivity & Diversity - Visit SolvNetPlus to read the "Synopsys Statement on
            Inclusivity and Diversity" (Refer to article 000036315 at
                        https://solvnetplus.synopsys.com)

Parsing design file 'design.sv'
Parsing included file 'cache_defs.vh'.
Back to file 'design.sv'.
Parsing design file 'testbench.sv'
Parsing included file 'cache_defs.vh'.
Back to file 'testbench.sv'.
Top Level Modules:
       tb_lru_4way
TimeScale is 1 ns / 1 ps
Starting vcs inline pass...

1 module and 0 UDP read.
recompiling module tb_lru_4way
rm -f _cuarc*.so _csrc*.so pre_vcsobj_*.so share_vcsobj_*.so
if [ -x ../simv ]; then chmod a-x ../simv; fi
g++  -o ../simv      -rdynamic  -Wl,-rpath='$ORIGIN'/simv.daidir -Wl,-rpath=./simv.daidir -Wl,-rpath=/apps/vcsmx/vcs/U-2023.03-SP2/linux64/lib -L/apps/vcsmx/vcs/U-2023.03-SP2/linux64/lib  -Wl,-rpath-link=./   objs/amcQw_d.o   _332_archive_1.so   SIM_l.o       rmapats_mop.o rmapats.o rmar.o rmar_nd.o  rmar_llvm_0_1.o rmar_llvm_0_0.o            -lvirsim -lerrorinf -lsnpsmalloc -lvfs    -lvcsnew -lsimprofile -luclinative /apps/vcsmx/vcs/U-2023.03-SP2/linux64/lib/vcs_tls.o   -Wl,-whole-archive  -lvcsucli    -Wl,-no-whole-archive          /apps/vcsmx/vcs/U-2023.03-SP2/linux64/lib/vcs_save_restore_new.o -ldl  -lc -lm -lpthread -ldl 
../simv up to date
CPU time: .555 seconds to compile + .390 seconds to elab + .454 seconds to link
Chronologic VCS simulator copyright 1991-2023
Contains Synopsys proprietary information.
Compiler version U-2023.03-SP2_Full64; Runtime version U-2023.03-SP2_Full64;  Jul  7 03:32 2025
== LRU 4-Way Testbench with Multiple Sets Started ==
== Testing Set: 3 ==
PASS: Victim = 0
PASS: Victim = 1
PASS: Victim = 2
PASS: Victim = 3
== Testing Set: 12 ==
PASS: Victim = 0
PASS: Victim = 1
PASS: Victim = 2
PASS: Victim = 3
== Testing Set: 47 ==
PASS: Victim = 0
PASS: Victim = 1
PASS: Victim = 2
PASS: Victim = 3
== Testing Set: 63 ==
PASS: Victim = 0
PASS: Victim = 1
PASS: Victim = 2
PASS: Victim = 3
== Testing Set: 127 ==
PASS: Victim = 0
PASS: Victim = 1
PASS: Victim = 2
PASS: Victim = 3
== All Selected Set Tests Completed Successfully ==
$finish called from file "testbench.sv", line 112.
$finish at simulation time              1006000
           V C S   S i m u l a t i o n   R e p o r t 
Time: 1006000 ps
CPU Time:      0.430 seconds;       Data structure size:   0.0Mb
Mon Jul  7 03:32:44 2025
Finding VCD file...
./lru_4way_waveform.vcd
[2025-07-07 07:32:44 UTC] Opening EPWave...
Done
